# JRE version: OpenJDK Runtime Environment Temurin-17.0.11+9 (17.0.11+9) (build 17.0.11+9)
# Java VM: OpenJDK 64-Bit Server VM Temurin-17.0.11+9 (17.0.11+9, mixed mode, emulated-client, tiered, compressed oops, compressed class ptrs, g1 gc, windows-amd64)
GC Precious Log:
 CPUs: 4 total, 4 available
 Memory: 8067M
 Large Page Support: Disabled
 NUMA Support: Disabled
 Compressed Oops: Enabled (32-bit)
 Heap Region Size: 1M
 Heap Min Capacity: 8M
 Heap Initial Capacity: 128M
 Heap Max Capacity: 2018M
 Pre-touch: Disabled
 Parallel Workers: 4
 Concurrent Workers: 1
 Concurrent Refinement Workers: 4
 Periodic GC: Disabled
Heap:
 garbage-first heap   total 78848K, used 35861K [0x0000000081e00000, 0x0000000100000000)
  region size 1024K, 3 young (3072K), 1 survivors (1024K)
 Metaspace       used 80005K, committed 80640K, reserved 1179648K
  class space    used 11224K, committed 11520K, reserved 1048576K
GC Heap History (20 events):
Event: 5.066 GC heap before
{Heap before GC invocations=13 (full 0):
 garbage-first heap   total 54272K, used 39951K [0x0000000081e00000, 0x0000000100000000)
  region size 1024K, 20 young (20480K), 2 survivors (2048K)
 Metaspace       used 48849K, committed 49344K, reserved 1114112K
  class space    used 6327K, committed 6592K, reserved 1048576K
}
Event: 5.070 GC heap after
{Heap after GC invocations=14 (full 0):
 garbage-first heap   total 54272K, used 22201K [0x0000000081e00000, 0x0000000100000000)
  region size 1024K, 2 young (2048K), 2 survivors (2048K)
 Metaspace       used 48849K, committed 49344K, reserved 1114112K
  class space    used 6327K, committed 6592K, reserved 1048576K
}
Event: 5.431 GC heap before
{Heap before GC invocations=14 (full 0):
 garbage-first heap   total 54272K, used 41657K [0x0000000081e00000, 0x0000000100000000)
  region size 1024K, 21 young (21504K), 2 survivors (2048K)
 Metaspace       used 52579K, committed 53056K, reserved 1114112K
  class space    used 6860K, committed 7104K, reserved 1048576K
}
Event: 5.435 GC heap after
{Heap after GC invocations=15 (full 0):
 garbage-first heap   total 54272K, used 23257K [0x0000000081e00000, 0x0000000100000000)
  region size 1024K, 2 young (2048K), 2 survivors (2048K)
 Metaspace       used 52579K, committed 53056K, reserved 1114112K
  class space    used 6860K, committed 7104K, reserved 1048576K
}
Event: 5.813 GC heap before
{Heap before GC invocations=15 (full 0):
 garbage-first heap   total 54272K, used 41689K [0x0000000081e00000, 0x0000000100000000)
  region size 1024K, 20 young (20480K), 2 survivors (2048K)
 Metaspace       used 58137K, committed 58624K, reserved 1114112K
  class space    used 7681K, committed 7872K, reserved 1048576K
}
Event: 5.817 GC heap after
{Heap after GC invocations=16 (full 0):
 garbage-first heap   total 65536K, used 23980K [0x0000000081e00000, 0x0000000100000000)
  region size 1024K, 2 young (2048K), 2 survivors (2048K)
 Metaspace       used 58137K, committed 58624K, reserved 1114112K
  class space    used 7681K, committed 7872K, reserved 1048576K
}
Event: 6.154 GC heap before
{Heap before GC invocations=16 (full 0):
 garbage-first heap   total 65536K, used 41388K [0x0000000081e00000, 0x0000000100000000)
  region size 1024K, 20 young (20480K), 2 survivors (2048K)
 Metaspace       used 60655K, committed 61120K, reserved 1114112K
  class space    used 8158K, committed 8384K, reserved 1048576K
}
Event: 6.157 GC heap after
{Heap after GC invocations=17 (full 0):
 garbage-first heap   total 65536K, used 24333K [0x0000000081e00000, 0x0000000100000000)
  region size 1024K, 3 young (3072K), 3 survivors (3072K)
 Metaspace       used 60655K, committed 61120K, reserved 1114112K
  class space    used 8158K, committed 8384K, reserved 1048576K
}
Event: 6.732 GC heap before
{Heap before GC invocations=18 (full 0):
 garbage-first heap   total 65536K, used 50957K [0x0000000081e00000, 0x0000000100000000)
  region size 1024K, 29 young (29696K), 3 survivors (3072K)
 Metaspace       used 65738K, committed 66240K, reserved 1114112K
  class space    used 8926K, committed 9152K, reserved 1048576K
}
Event: 6.737 GC heap after
{Heap after GC invocations=19 (full 0):
 garbage-first heap   total 65536K, used 26305K [0x0000000081e00000, 0x0000000100000000)
  region size 1024K, 4 young (4096K), 4 survivors (4096K)
 Metaspace       used 65738K, committed 66240K, reserved 1114112K
  class space    used 8926K, committed 9152K, reserved 1048576K
}
Event: 7.176 GC heap before
{Heap before GC invocations=20 (full 0):
 garbage-first heap   total 65536K, used 50881K [0x0000000081e00000, 0x0000000100000000)
  region size 1024K, 29 young (29696K), 4 survivors (4096K)
 Metaspace       used 69690K, committed 70272K, reserved 1114112K
  class space    used 9757K, committed 10048K, reserved 1048576K
}
Event: 7.183 GC heap after
{Heap after GC invocations=21 (full 0):
 garbage-first heap   total 65536K, used 29070K [0x0000000081e00000, 0x0000000100000000)
  region size 1024K, 3 young (3072K), 3 survivors (3072K)
 Metaspace       used 69690K, committed 70272K, reserved 1114112K
  class space    used 9757K, committed 10048K, reserved 1048576K
}
Event: 7.438 GC heap before
{Heap before GC invocations=21 (full 0):
 garbage-first heap   total 65536K, used 50574K [0x0000000081e00000, 0x0000000100000000)
  region size 1024K, 25 young (25600K), 3 survivors (3072K)
 Metaspace       used 72189K, committed 72704K, reserved 1114112K
  class space    used 10102K, committed 10368K, reserved 1048576K
}
Event: 7.443 GC heap after
{Heap after GC invocations=22 (full 0):
 garbage-first heap   total 65536K, used 30613K [0x0000000081e00000, 0x0000000100000000)
  region size 1024K, 2 young (2048K), 2 survivors (2048K)
 Metaspace       used 72189K, committed 72704K, reserved 1114112K
  class space    used 10102K, committed 10368K, reserved 1048576K
}
Event: 7.870 GC heap before
{Heap before GC invocations=22 (full 0):
 garbage-first heap   total 65536K, used 52117K [0x0000000081e00000, 0x0000000100000000)
  region size 1024K, 23 young (23552K), 2 survivors (2048K)
 Metaspace       used 74687K, committed 75200K, reserved 1114112K
  class space    used 10493K, committed 10752K, reserved 1048576K
}
Event: 7.875 GC heap after
{Heap after GC invocations=23 (full 0):
 garbage-first heap   total 65536K, used 32514K [0x0000000081e00000, 0x0000000100000000)
  region size 1024K, 3 young (3072K), 3 survivors (3072K)
 Metaspace       used 74687K, committed 75200K, reserved 1114112K
  class space    used 10493K, committed 10752K, reserved 1048576K
}
Event: 8.275 GC heap before
{Heap before GC invocations=24 (full 0):
 garbage-first heap   total 65536K, used 51970K [0x0000000081e00000, 0x0000000100000000)
  region size 1024K, 22 young (22528K), 3 survivors (3072K)
 Metaspace       used 77530K, committed 78144K, reserved 1179648K
  class space    used 10880K, committed 11200K, reserved 1048576K
}
Event: 8.282 GC heap after
{Heap after GC invocations=25 (full 0):
 garbage-first heap   total 65536K, used 34326K [0x0000000081e00000, 0x0000000100000000)
  region size 1024K, 2 young (2048K), 2 survivors (2048K)
 Metaspace       used 77530K, committed 78144K, reserved 1179648K
  class space    used 10880K, committed 11200K, reserved 1048576K
}
Event: 17.186 GC heap before
{Heap before GC invocations=25 (full 0):
 garbage-first heap   total 65536K, used 50710K [0x0000000081e00000, 0x0000000100000000)
  region size 1024K, 19 young (19456K), 2 survivors (2048K)
 Metaspace       used 79639K, committed 80256K, reserved 1179648K
  class space    used 11162K, committed 11456K, reserved 1048576K
}
Event: 17.191 GC heap after
{Heap after GC invocations=26 (full 0):
 garbage-first heap   total 78848K, used 34837K [0x0000000081e00000, 0x0000000100000000)
  region size 1024K, 1 young (1024K), 1 survivors (1024K)
 Metaspace       used 79639K, committed 80256K, reserved 1179648K
  class space    used 11162K, committed 11456K, reserved 1048576K
}

