# JRE version: OpenJDK Runtime Environment Temurin-17.0.11+9 (17.0.11+9) (build 17.0.11+9)
# Java VM: OpenJDK 64-Bit Server VM Temurin-17.0.11+9 (17.0.11+9, mixed mode, emulated-client, tiered, compressed oops, compressed class ptrs, g1 gc, windows-amd64)
GC Precious Log:
 CPUs: 4 total, 4 available
 Memory: 8067M
 Large Page Support: Disabled
 NUMA Support: Disabled
 Compressed Oops: Enabled (32-bit)
 Heap Region Size: 1M
 Heap Min Capacity: 8M
 Heap Initial Capacity: 128M
 Heap Max Capacity: 2018M
 Pre-touch: Disabled
 Parallel Workers: 4
 Concurrent Workers: 1
 Concurrent Refinement Workers: 4
 Periodic GC: Disabled
Heap:
 garbage-first heap   total 65536K, used 36445K [0x0000000081e00000, 0x0000000100000000)
  region size 1024K, 5 young (5120K), 1 survivors (1024K)
 Metaspace       used 79681K, committed 80320K, reserved 1179648K
  class space    used 11158K, committed 11456K, reserved 1048576K
GC Heap History (20 events):
Event: 4.739 GC heap before
{Heap before GC invocations=14 (full 0):
 garbage-first heap   total 54272K, used 39944K [0x0000000081e00000, 0x0000000100000000)
  region size 1024K, 20 young (20480K), 2 survivors (2048K)
 Metaspace       used 48994K, committed 49472K, reserved 1114112K
  class space    used 6359K, committed 6592K, reserved 1048576K
}
Event: 4.743 GC heap after
{Heap after GC invocations=15 (full 0):
 garbage-first heap   total 54272K, used 22314K [0x0000000081e00000, 0x0000000100000000)
  region size 1024K, 2 young (2048K), 2 survivors (2048K)
 Metaspace       used 48994K, committed 49472K, reserved 1114112K
  class space    used 6359K, committed 6592K, reserved 1048576K
}
Event: 5.108 GC heap before
{Heap before GC invocations=15 (full 0):
 garbage-first heap   total 54272K, used 41770K [0x0000000081e00000, 0x0000000100000000)
  region size 1024K, 21 young (21504K), 2 survivors (2048K)
 Metaspace       used 52868K, committed 53312K, reserved 1114112K
  class space    used 6883K, committed 7104K, reserved 1048576K
}
Event: 5.112 GC heap after
{Heap after GC invocations=16 (full 0):
 garbage-first heap   total 54272K, used 23111K [0x0000000081e00000, 0x0000000100000000)
  region size 1024K, 2 young (2048K), 2 survivors (2048K)
 Metaspace       used 52868K, committed 53312K, reserved 1114112K
  class space    used 6883K, committed 7104K, reserved 1048576K
}
Event: 5.539 GC heap before
{Heap before GC invocations=16 (full 0):
 garbage-first heap   total 54272K, used 41543K [0x0000000081e00000, 0x0000000100000000)
  region size 1024K, 21 young (21504K), 2 survivors (2048K)
 Metaspace       used 58530K, committed 59008K, reserved 1114112K
  class space    used 7795K, committed 8000K, reserved 1048576K
}
Event: 5.544 GC heap after
{Heap after GC invocations=17 (full 0):
 garbage-first heap   total 65536K, used 24006K [0x0000000081e00000, 0x0000000100000000)
  region size 1024K, 2 young (2048K), 2 survivors (2048K)
 Metaspace       used 58530K, committed 59008K, reserved 1114112K
  class space    used 7795K, committed 8000K, reserved 1048576K
}
Event: 6.141 GC heap before
{Heap before GC invocations=17 (full 0):
 garbage-first heap   total 65536K, used 51654K [0x0000000081e00000, 0x0000000100000000)
  region size 1024K, 29 young (29696K), 2 survivors (2048K)
 Metaspace       used 63348K, committed 63872K, reserved 1114112K
  class space    used 8608K, committed 8832K, reserved 1048576K
}
Event: 6.146 GC heap after
{Heap after GC invocations=18 (full 0):
 garbage-first heap   total 65536K, used 24993K [0x0000000081e00000, 0x0000000100000000)
  region size 1024K, 3 young (3072K), 3 survivors (3072K)
 Metaspace       used 63348K, committed 63872K, reserved 1114112K
  class space    used 8608K, committed 8832K, reserved 1048576K
}
Event: 6.719 GC heap before
{Heap before GC invocations=18 (full 0):
 garbage-first heap   total 65536K, used 51617K [0x0000000081e00000, 0x0000000100000000)
  region size 1024K, 29 young (29696K), 3 survivors (3072K)
 Metaspace       used 67991K, committed 68608K, reserved 1114112K
  class space    used 9285K, committed 9600K, reserved 1048576K
}
Event: 6.726 GC heap after
{Heap after GC invocations=19 (full 0):
 garbage-first heap   total 65536K, used 27267K [0x0000000081e00000, 0x0000000100000000)
  region size 1024K, 4 young (4096K), 4 survivors (4096K)
 Metaspace       used 67991K, committed 68608K, reserved 1114112K
  class space    used 9285K, committed 9600K, reserved 1048576K
}
Event: 6.805 GC heap before
{Heap before GC invocations=19 (full 0):
 garbage-first heap   total 65536K, used 32387K [0x0000000081e00000, 0x0000000100000000)
  region size 1024K, 10 young (10240K), 4 survivors (4096K)
 Metaspace       used 68469K, committed 69056K, reserved 1114112K
  class space    used 9385K, committed 9664K, reserved 1048576K
}
Event: 6.812 GC heap after
{Heap after GC invocations=20 (full 0):
 garbage-first heap   total 65536K, used 28330K [0x0000000081e00000, 0x0000000100000000)
  region size 1024K, 1 young (1024K), 1 survivors (1024K)
 Metaspace       used 68469K, committed 69056K, reserved 1114112K
  class space    used 9385K, committed 9664K, reserved 1048576K
}
Event: 7.113 GC heap before
{Heap before GC invocations=21 (full 0):
 garbage-first heap   total 65536K, used 50858K [0x0000000081e00000, 0x0000000100000000)
  region size 1024K, 24 young (24576K), 1 survivors (1024K)
 Metaspace       used 71469K, committed 72128K, reserved 1114112K
  class space    used 9992K, committed 10304K, reserved 1048576K
}
Event: 7.117 GC heap after
{Heap after GC invocations=22 (full 0):
 garbage-first heap   total 65536K, used 29354K [0x0000000081e00000, 0x0000000100000000)
  region size 1024K, 2 young (2048K), 2 survivors (2048K)
 Metaspace       used 71469K, committed 72128K, reserved 1114112K
  class space    used 9992K, committed 10304K, reserved 1048576K
}
Event: 7.550 GC heap before
{Heap before GC invocations=23 (full 0):
 garbage-first heap   total 65536K, used 51882K [0x0000000081e00000, 0x0000000100000000)
  region size 1024K, 24 young (24576K), 2 survivors (2048K)
 Metaspace       used 74058K, committed 74560K, reserved 1114112K
  class space    used 10384K, committed 10624K, reserved 1048576K
}
Event: 7.557 GC heap after
{Heap after GC invocations=24 (full 0):
 garbage-first heap   total 65536K, used 31715K [0x0000000081e00000, 0x0000000100000000)
  region size 1024K, 3 young (3072K), 3 survivors (3072K)
 Metaspace       used 74058K, committed 74560K, reserved 1114112K
  class space    used 10384K, committed 10624K, reserved 1048576K
}
Event: 8.021 GC heap before
{Heap before GC invocations=24 (full 0):
 garbage-first heap   total 65536K, used 51171K [0x0000000081e00000, 0x0000000100000000)
  region size 1024K, 22 young (22528K), 3 survivors (3072K)
 Metaspace       used 76303K, committed 76864K, reserved 1179648K
  class space    used 10723K, committed 11008K, reserved 1048576K
}
Event: 8.028 GC heap after
{Heap after GC invocations=25 (full 0):
 garbage-first heap   total 65536K, used 33477K [0x0000000081e00000, 0x0000000100000000)
  region size 1024K, 2 young (2048K), 2 survivors (2048K)
 Metaspace       used 76303K, committed 76864K, reserved 1179648K
  class space    used 10723K, committed 11008K, reserved 1048576K
}
Event: 14.312 GC heap before
{Heap before GC invocations=26 (full 0):
 garbage-first heap   total 65536K, used 51909K [0x0000000081e00000, 0x0000000100000000)
  region size 1024K, 20 young (20480K), 2 survivors (2048K)
 Metaspace       used 78658K, committed 79296K, reserved 1179648K
  class space    used 11043K, committed 11328K, reserved 1048576K
}
Event: 14.318 GC heap after
{Heap after GC invocations=27 (full 0):
 garbage-first heap   total 65536K, used 34397K [0x0000000081e00000, 0x0000000100000000)
  region size 1024K, 1 young (1024K), 1 survivors (1024K)
 Metaspace       used 78658K, committed 79296K, reserved 1179648K
  class space    used 11043K, committed 11328K, reserved 1048576K
}

