# JRE version: OpenJDK Runtime Environment Temurin-17.0.11+9 (17.0.11+9) (build 17.0.11+9)
# Java VM: OpenJDK 64-Bit Server VM Temurin-17.0.11+9 (17.0.11+9, mixed mode, emulated-client, tiered, compressed oops, compressed class ptrs, g1 gc, windows-amd64)
GC Precious Log:
 CPUs: 4 total, 4 available
 Memory: 8067M
 Large Page Support: Disabled
 NUMA Support: Disabled
 Compressed Oops: Enabled (32-bit)
 Heap Region Size: 1M
 Heap Min Capacity: 8M
 Heap Initial Capacity: 128M
 Heap Max Capacity: 2018M
 Pre-touch: Disabled
 Parallel Workers: 4
 Concurrent Workers: 1
 Concurrent Refinement Workers: 4
 Periodic GC: Disabled
Heap:
 garbage-first heap   total 112640K, used 42438K [0x0000000081e00000, 0x0000000100000000)
  region size 1024K, 12 young (12288K), 1 survivors (1024K)
 Metaspace       used 81017K, committed 81600K, reserved 1179648K
  class space    used 11347K, committed 11584K, reserved 1048576K
GC Heap History (20 events):
Event: 4.576 GC heap before
{Heap before GC invocations=10 (full 0):
 garbage-first heap   total 71680K, used 54214K [0x0000000081e00000, 0x0000000100000000)
  region size 1024K, 38 young (38912K), 3 survivors (3072K)
 Metaspace       used 43888K, committed 44352K, reserved 1114112K
  class space    used 5516K, committed 5760K, reserved 1048576K
}
Event: 4.582 GC heap after
{Heap after GC invocations=11 (full 0):
 garbage-first heap   total 71680K, used 20820K [0x0000000081e00000, 0x0000000100000000)
  region size 1024K, 5 young (5120K), 5 survivors (5120K)
 Metaspace       used 43888K, committed 44352K, reserved 1114112K
  class space    used 5516K, committed 5760K, reserved 1048576K
}
Event: 4.605 GC heap before
{Heap before GC invocations=11 (full 0):
 garbage-first heap   total 71680K, used 21844K [0x0000000081e00000, 0x0000000100000000)
  region size 1024K, 6 young (6144K), 5 survivors (5120K)
 Metaspace       used 44049K, committed 44544K, reserved 1114112K
  class space    used 5551K, committed 5824K, reserved 1048576K
}
Event: 4.613 GC heap after
{Heap after GC invocations=12 (full 0):
 garbage-first heap   total 71680K, used 20908K [0x0000000081e00000, 0x0000000100000000)
  region size 1024K, 1 young (1024K), 1 survivors (1024K)
 Metaspace       used 44049K, committed 44544K, reserved 1114112K
  class space    used 5551K, committed 5824K, reserved 1048576K
}
Event: 5.351 GC heap before
{Heap before GC invocations=12 (full 0):
 garbage-first heap   total 71680K, used 53676K [0x0000000081e00000, 0x0000000100000000)
  region size 1024K, 33 young (33792K), 1 survivors (1024K)
 Metaspace       used 51435K, committed 51968K, reserved 1114112K
  class space    used 6714K, committed 6976K, reserved 1048576K
}
Event: 5.354 GC heap after
{Heap after GC invocations=13 (full 0):
 garbage-first heap   total 71680K, used 21806K [0x0000000081e00000, 0x0000000100000000)
  region size 1024K, 2 young (2048K), 2 survivors (2048K)
 Metaspace       used 51435K, committed 51968K, reserved 1114112K
  class space    used 6714K, committed 6976K, reserved 1048576K
}
Event: 6.078 GC heap before
{Heap before GC invocations=13 (full 0):
 garbage-first heap   total 71680K, used 54574K [0x0000000081e00000, 0x0000000100000000)
  region size 1024K, 34 young (34816K), 2 survivors (2048K)
 Metaspace       used 59401K, committed 59904K, reserved 1114112K
  class space    used 7958K, committed 8192K, reserved 1048576K
}
Event: 6.083 GC heap after
{Heap after GC invocations=14 (full 0):
 garbage-first heap   total 71680K, used 23073K [0x0000000081e00000, 0x0000000100000000)
  region size 1024K, 3 young (3072K), 3 survivors (3072K)
 Metaspace       used 59401K, committed 59904K, reserved 1114112K
  class space    used 7958K, committed 8192K, reserved 1048576K
}
Event: 6.306 GC heap before
{Heap before GC invocations=14 (full 0):
 garbage-first heap   total 71680K, used 34337K [0x0000000081e00000, 0x0000000100000000)
  region size 1024K, 15 young (15360K), 3 survivors (3072K)
 Metaspace       used 60641K, committed 61120K, reserved 1114112K
  class space    used 8161K, committed 8384K, reserved 1048576K
}
Event: 6.311 GC heap after
{Heap after GC invocations=15 (full 0):
 garbage-first heap   total 71680K, used 23509K [0x0000000081e00000, 0x0000000100000000)
  region size 1024K, 2 young (2048K), 2 survivors (2048K)
 Metaspace       used 60641K, committed 61120K, reserved 1114112K
  class space    used 8161K, committed 8384K, reserved 1048576K
}
Event: 7.038 GC heap before
{Heap before GC invocations=16 (full 0):
 garbage-first heap   total 71680K, used 56277K [0x0000000081e00000, 0x0000000100000000)
  region size 1024K, 34 young (34816K), 2 survivors (2048K)
 Metaspace       used 66415K, committed 66944K, reserved 1114112K
  class space    used 9057K, committed 9280K, reserved 1048576K
}
Event: 7.045 GC heap after
{Heap after GC invocations=17 (full 0):
 garbage-first heap   total 71680K, used 26044K [0x0000000081e00000, 0x0000000100000000)
  region size 1024K, 5 young (5120K), 5 survivors (5120K)
 Metaspace       used 66415K, committed 66944K, reserved 1114112K
  class space    used 9057K, committed 9280K, reserved 1048576K
}
Event: 7.068 GC heap before
{Heap before GC invocations=17 (full 0):
 garbage-first heap   total 71680K, used 27068K [0x0000000081e00000, 0x0000000100000000)
  region size 1024K, 6 young (6144K), 5 survivors (5120K)
 Metaspace       used 66612K, committed 67200K, reserved 1114112K
  class space    used 9089K, committed 9408K, reserved 1048576K
}
Event: 7.082 GC heap after
{Heap after GC invocations=18 (full 0):
 garbage-first heap   total 71680K, used 26127K [0x0000000081e00000, 0x0000000100000000)
  region size 1024K, 1 young (1024K), 1 survivors (1024K)
 Metaspace       used 66612K, committed 67200K, reserved 1114112K
  class space    used 9089K, committed 9408K, reserved 1048576K
}
Event: 7.517 GC heap before
{Heap before GC invocations=18 (full 0):
 garbage-first heap   total 71680K, used 56847K [0x0000000081e00000, 0x0000000100000000)
  region size 1024K, 31 young (31744K), 1 survivors (1024K)
 Metaspace       used 71475K, committed 72064K, reserved 1114112K
  class space    used 9984K, committed 10240K, reserved 1048576K
}
Event: 7.521 GC heap after
{Heap after GC invocations=19 (full 0):
 garbage-first heap   total 162816K, used 27707K [0x0000000081e00000, 0x0000000100000000)
  region size 1024K, 3 young (3072K), 3 survivors (3072K)
 Metaspace       used 71475K, committed 72064K, reserved 1114112K
  class space    used 9984K, committed 10240K, reserved 1048576K
}
Event: 9.540 GC heap before
{Heap before GC invocations=20 (full 0):
 garbage-first heap   total 112640K, used 92219K [0x0000000081e00000, 0x0000000100000000)
  region size 1024K, 66 young (67584K), 3 survivors (3072K)
 Metaspace       used 78368K, committed 78912K, reserved 1179648K
  class space    used 11006K, committed 11264K, reserved 1048576K
}
Event: 9.552 GC heap after
{Heap after GC invocations=21 (full 0):
 garbage-first heap   total 112640K, used 32367K [0x0000000081e00000, 0x0000000100000000)
  region size 1024K, 7 young (7168K), 7 survivors (7168K)
 Metaspace       used 78368K, committed 78912K, reserved 1179648K
  class space    used 11006K, committed 11264K, reserved 1048576K
}
Event: 9.606 GC heap before
{Heap before GC invocations=21 (full 0):
 garbage-first heap   total 112640K, used 33391K [0x0000000081e00000, 0x0000000100000000)
  region size 1024K, 8 young (8192K), 7 survivors (7168K)
 Metaspace       used 78523K, committed 79104K, reserved 1179648K
  class space    used 11029K, committed 11328K, reserved 1048576K
}
Event: 9.616 GC heap after
{Heap after GC invocations=22 (full 0):
 garbage-first heap   total 112640K, used 33222K [0x0000000081e00000, 0x0000000100000000)
  region size 1024K, 1 young (1024K), 1 survivors (1024K)
 Metaspace       used 78523K, committed 79104K, reserved 1179648K
  class space    used 11029K, committed 11328K, reserved 1048576K
}

